[2026-04-11 21:21:31,526: INFO: main: logger has been successfully initialized]
[2026-04-12 22:20:57,915: INFO: common: yaml file<_io.TextIOWrapper name='params.yaml' mode='r' encoding='cp1252'> loaded successfully]
[2026-04-12 22:20:57,916: ERROR: common: <class 'box.exceptions.BoxValueError'>]
Traceback (most recent call last):
  File "c:\Users\NishantHP\Desktop\MLOps project\src\MLOps_project\utils\common.py", line 15, in read_yaml
    return ConfigBox(content)
  File "box/box.py", line 301, in box.box.Box.__init__
box.exceptions.BoxValueError: First argument must be mapping or iterable
[2026-04-12 22:22:30,439: INFO: common: yaml file<_io.TextIOWrapper name='params.yaml' mode='r' encoding='cp1252'> loaded successfully]
[2026-04-12 22:23:49,986: INFO: common: yaml file<_io.TextIOWrapper name='params.yaml' mode='r' encoding='cp1252'> loaded successfully]
[2026-04-12 22:23:49,987: ERROR: common: <class 'box.exceptions.BoxValueError'>]
Traceback (most recent call last):
  File "c:\Users\NishantHP\Desktop\MLOps project\src\MLOps_project\utils\common.py", line 15, in read_yaml
    return ConfigBox(content)
  File "box/box.py", line 301, in box.box.Box.__init__
box.exceptions.BoxValueError: First argument must be mapping or iterable
[2026-04-12 22:23:49,988: INFO: common: this is a test]
[2026-04-13 10:26:17,173: INFO: common: yaml file<_io.TextIOWrapper name='config\\config.yaml' mode='r' encoding='cp1252'> loaded successfully]
[2026-04-13 10:26:17,187: INFO: common: yaml file<_io.TextIOWrapper name='params.yaml' mode='r' encoding='cp1252'> loaded successfully]
[2026-04-13 10:26:17,197: INFO: common: yaml file<_io.TextIOWrapper name='schema.yaml' mode='r' encoding='cp1252'> loaded successfully]
[2026-04-13 10:26:17,200: INFO: common: created directory at artifacts/data_ingestion]
[2026-04-13 10:26:54,285: INFO: 2909290135: Downloaded artifacts/data_ingestion/data.zip]
[2026-04-13 10:26:55,188: INFO: 2909290135: Data extracted]
[2026-04-13 10:26:55,189: INFO: 4236440576: data has successfully ingested]
[2026-04-13 10:42:22,291: INFO: main: stage : DATA INGESTION has successfully started]
[2026-04-13 10:43:03,145: INFO: stage_01_data_ingestion: stage : Data Ingestion has successfully started]
[2026-04-13 10:43:03,147: INFO: common: yaml file<_io.TextIOWrapper name='config\\config.yaml' mode='r' encoding='cp1252'> loaded successfully]
[2026-04-13 10:43:03,148: INFO: common: yaml file<_io.TextIOWrapper name='params.yaml' mode='r' encoding='cp1252'> loaded successfully]
[2026-04-13 10:43:03,149: INFO: common: yaml file<_io.TextIOWrapper name='schema.yaml' mode='r' encoding='cp1252'> loaded successfully]
[2026-04-13 10:43:03,150: INFO: common: created directory at artifacts/data_ingestion]
[2026-04-13 10:43:03,150: INFO: configuration: artifacts/data_ingestion has successfully created]
[2026-04-13 10:43:37,912: INFO: data_ingestion: Downloaded artifacts/data_ingestion/data.zip]
[2026-04-13 10:43:38,757: INFO: data_ingestion: Data extracted]
[2026-04-13 10:43:38,757: INFO: stage_01_data_ingestion: data has successfully ingested]
[2026-04-13 10:43:38,758: INFO: stage_01_data_ingestion: stage : Data Ingestion has successfully completed]
[2026-04-13 10:43:51,057: INFO: main: stage : DATA INGESTION has successfully started]
[2026-04-13 10:43:51,058: INFO: common: yaml file<_io.TextIOWrapper name='config\\config.yaml' mode='r' encoding='cp1252'> loaded successfully]
[2026-04-13 10:43:51,059: INFO: common: yaml file<_io.TextIOWrapper name='params.yaml' mode='r' encoding='cp1252'> loaded successfully]
[2026-04-13 10:43:51,060: INFO: common: yaml file<_io.TextIOWrapper name='schema.yaml' mode='r' encoding='cp1252'> loaded successfully]
[2026-04-13 10:43:51,061: INFO: common: created directory at artifacts/data_ingestion]
[2026-04-13 10:43:51,061: INFO: configuration: artifacts/data_ingestion has successfully created]
[2026-04-13 10:44:18,732: INFO: data_ingestion: Downloaded artifacts/data_ingestion/data.zip]
[2026-04-13 10:44:19,564: INFO: data_ingestion: Data extracted]
[2026-04-13 10:44:19,564: INFO: stage_01_data_ingestion: data has successfully ingested]
[2026-04-13 10:44:19,564: INFO: main: stage : DATA INGESTION has successfully completed]
